c:\users\clow reed\documents\visual studio 2013\projects\cthugha engine demos\enginecore\intermediate\debug\vc120.pdb
c:\users\clow reed\documents\visual studio 2013\projects\cthugha engine demos\enginecore\intermediate\debug\vc120.idb
c:\users\clow reed\documents\visual studio 2013\projects\cthugha engine demos\enginecore\intermediate\debug\scenenodes.obj
c:\users\clow reed\documents\visual studio 2013\projects\cthugha engine demos\enginecore\intermediate\debug\shadowmap.obj
c:\users\clow reed\documents\visual studio 2013\projects\cthugha engine demos\enginecore\intermediate\debug\texthelper.obj
c:\users\clow reed\documents\visual studio 2013\projects\cthugha engine demos\enginecore\intermediate\debug\voxelmanager.obj
c:\users\clow reed\documents\visual studio 2013\projects\cthugha engine demos\enginecore\intermediate\debug\initialization.obj
c:\users\clow reed\documents\visual studio 2013\projects\cthugha engine demos\enginecore\intermediate\debug\process.obj
c:\users\clow reed\documents\visual studio 2013\projects\cthugha engine demos\enginecore\intermediate\debug\processmanager.obj
c:\users\clow reed\documents\visual studio 2013\projects\cthugha engine demos\enginecore\intermediate\debug\meshcolliderresource.obj
c:\users\clow reed\documents\visual studio 2013\projects\cthugha engine demos\enginecore\intermediate\debug\physics.obj
c:\users\clow reed\documents\visual studio 2013\projects\cthugha engine demos\enginecore\intermediate\debug\physicsdebugdrawer.obj
c:\users\clow reed\documents\visual studio 2013\projects\cthugha engine demos\enginecore\intermediate\debug\physicseventlistener.obj
c:\users\clow reed\documents\visual studio 2013\projects\cthugha engine demos\enginecore\intermediate\debug\rescache.obj
c:\users\clow reed\documents\visual studio 2013\projects\cthugha engine demos\enginecore\intermediate\debug\xmlresource.obj
c:\users\clow reed\documents\visual studio 2013\projects\cthugha engine demos\enginecore\intermediate\debug\zipfile.obj
c:\users\clow reed\documents\visual studio 2013\projects\cthugha engine demos\enginecore\intermediate\debug\guicreator.obj
c:\users\clow reed\documents\visual studio 2013\projects\cthugha engine demos\enginecore\intermediate\debug\humanview.obj
c:\users\clow reed\documents\visual studio 2013\projects\cthugha engine demos\enginecore\intermediate\debug\random.obj
c:\users\clow reed\documents\visual studio 2013\projects\cthugha engine demos\enginecore\intermediate\debug\string.obj
c:\users\clow reed\documents\visual studio 2013\projects\cthugha engine demos\enginecore\intermediate\debug\cthughaappentry.obj
c:\users\clow reed\documents\visual studio 2013\projects\cthugha engine demos\enginecore\intermediate\debug\cthughastd.obj
c:\users\clow reed\documents\visual studio 2013\projects\cthugha engine demos\enginecore\intermediate\debug\geometry.obj
c:\users\clow reed\documents\visual studio 2013\projects\cthugha engine demos\enginecore\intermediate\debug\uifunctionbutton.obj
c:\users\clow reed\documents\visual studio 2013\projects\cthugha engine demos\enginecore\intermediate\debug\uifunctioncheckbox.obj
c:\users\clow reed\documents\visual studio 2013\projects\cthugha engine demos\enginecore\intermediate\debug\uifunctionimage.obj
c:\users\clow reed\documents\visual studio 2013\projects\cthugha engine demos\enginecore\intermediate\debug\uifunctiontext.obj
c:\users\clow reed\documents\visual studio 2013\projects\cthugha engine demos\enginecore\intermediate\debug\uinode.obj
c:\users\clow reed\documents\visual studio 2013\projects\cthugha engine demos\enginecore\intermediate\debug\uiscene.obj
c:\users\clow reed\documents\visual studio 2013\projects\cthugha engine demos\enginecore\intermediate\debug\image.obj
c:\users\clow reed\documents\visual studio 2013\projects\cthugha engine demos\enginecore\intermediate\debug\light.obj
c:\users\clow reed\documents\visual studio 2013\projects\cthugha engine demos\enginecore\intermediate\debug\material.obj
c:\users\clow reed\documents\visual studio 2013\projects\cthugha engine demos\enginecore\intermediate\debug\mesh.obj
c:\users\clow reed\documents\visual studio 2013\projects\cthugha engine demos\enginecore\intermediate\debug\movementcontroller.obj
c:\users\clow reed\documents\visual studio 2013\projects\cthugha engine demos\enginecore\intermediate\debug\particlesystem.obj
c:\users\clow reed\documents\visual studio 2013\projects\cthugha engine demos\enginecore\intermediate\debug\queryqueue.obj
c:\users\clow reed\documents\visual studio 2013\projects\cthugha engine demos\enginecore\intermediate\debug\renderer.obj
c:\users\clow reed\documents\visual studio 2013\projects\cthugha engine demos\enginecore\intermediate\debug\aditionalshadowdatamanager.obj
c:\users\clow reed\documents\visual studio 2013\projects\cthugha engine demos\enginecore\intermediate\debug\screenpostprocessing.obj
c:\users\clow reed\documents\visual studio 2013\projects\cthugha engine demos\enginecore\intermediate\debug\sdfshadowmanager.obj
c:\users\clow reed\documents\visual studio 2013\projects\cthugha engine demos\enginecore\intermediate\debug\shader.obj
c:\users\clow reed\documents\visual studio 2013\projects\cthugha engine demos\enginecore\intermediate\debug\scene.obj
c:\users\clow reed\documents\visual studio 2013\projects\cthugha engine demos\enginecore\intermediate\debug\basegamelogic.obj
c:\users\clow reed\documents\visual studio 2013\projects\cthugha engine demos\enginecore\intermediate\debug\cthughaapp.obj
c:\users\clow reed\documents\visual studio 2013\projects\cthugha engine demos\enginecore\intermediate\debug\logger.obj
c:\users\clow reed\documents\visual studio 2013\projects\cthugha engine demos\enginecore\intermediate\debug\entity.obj
c:\users\clow reed\documents\visual studio 2013\projects\cthugha engine demos\enginecore\intermediate\debug\entityfactory.obj
c:\users\clow reed\documents\visual studio 2013\projects\cthugha engine demos\enginecore\intermediate\debug\entityresource.obj
c:\users\clow reed\documents\visual studio 2013\projects\cthugha engine demos\enginecore\intermediate\debug\guicomponent.obj
c:\users\clow reed\documents\visual studio 2013\projects\cthugha engine demos\enginecore\intermediate\debug\physicscomponent.obj
c:\users\clow reed\documents\visual studio 2013\projects\cthugha engine demos\enginecore\intermediate\debug\recttransformcomponent.obj
c:\users\clow reed\documents\visual studio 2013\projects\cthugha engine demos\enginecore\intermediate\debug\rendercomponent.obj
c:\users\clow reed\documents\visual studio 2013\projects\cthugha engine demos\enginecore\intermediate\debug\transformcomponent.obj
c:\users\clow reed\documents\visual studio 2013\projects\cthugha engine demos\enginecore\intermediate\debug\eventmanager.obj
c:\users\clow reed\documents\visual studio 2013\projects\cthugha engine demos\enginecore\intermediate\debug\eventmanagerimpl.obj
c:\users\clow reed\documents\visual studio 2013\projects\cthugha engine demos\enginecore\intermediate\debug\events.obj
c:\users\clow reed\documents\visual studio 2013\projects\cthugha engine demos\enginecore\intermediate\debug\bitmapfont.obj
c:\users\clow reed\documents\visual studio 2013\projects\cthugha engine demos\enginecore\intermediate\debug\d3dx11renderer.obj
c:\users\clow reed\documents\visual studio 2013\projects\cthugha engine demos\enginecore\intermediate\debug\decal.obj
c:\users\clow reed\documents\visual studio 2013\projects\cthugha engine demos\enginecore\lib\debug\enginecore.lib
c:\users\clow reed\documents\visual studio 2013\projects\cthugha engine demos\enginecore\source\msvc\..\..\lib\debug\enginecore.lib
c:\users\clow reed\documents\visual studio 2013\projects\cthugha engine demos\enginecore\intermediate\debug\enginecore.tlog\cl.command.1.tlog
c:\users\clow reed\documents\visual studio 2013\projects\cthugha engine demos\enginecore\intermediate\debug\enginecore.tlog\cl.read.1.tlog
c:\users\clow reed\documents\visual studio 2013\projects\cthugha engine demos\enginecore\intermediate\debug\enginecore.tlog\cl.write.1.tlog
c:\users\clow reed\documents\visual studio 2013\projects\cthugha engine demos\enginecore\intermediate\debug\enginecore.tlog\lib-link.read.1.tlog
c:\users\clow reed\documents\visual studio 2013\projects\cthugha engine demos\enginecore\intermediate\debug\enginecore.tlog\lib-link.write.1.tlog
c:\users\clow reed\documents\visual studio 2013\projects\cthugha engine demos\enginecore\intermediate\debug\enginecore.tlog\lib.command.1.tlog
