c:\users\clow reed\documents\visual studio 2013\projects\cthugha engine demos\enginecore\intermediate\release\vc120.pdb
c:\users\clow reed\documents\visual studio 2013\projects\cthugha engine demos\enginecore\intermediate\release\uifunctioncheckbox.obj
c:\users\clow reed\documents\visual studio 2013\projects\cthugha engine demos\enginecore\intermediate\release\uifunctionbutton.obj
c:\users\clow reed\documents\visual studio 2013\projects\cthugha engine demos\enginecore\intermediate\release\geometry.obj
c:\users\clow reed\documents\visual studio 2013\projects\cthugha engine demos\enginecore\intermediate\release\decal.obj
c:\users\clow reed\documents\visual studio 2013\projects\cthugha engine demos\enginecore\intermediate\release\d3dx11renderer.obj
c:\users\clow reed\documents\visual studio 2013\projects\cthugha engine demos\enginecore\intermediate\release\bitmapfont.obj
c:\users\clow reed\documents\visual studio 2013\projects\cthugha engine demos\enginecore\intermediate\release\events.obj
c:\users\clow reed\documents\visual studio 2013\projects\cthugha engine demos\enginecore\intermediate\release\eventmanagerimpl.obj
c:\users\clow reed\documents\visual studio 2013\projects\cthugha engine demos\enginecore\intermediate\release\eventmanager.obj
c:\users\clow reed\documents\visual studio 2013\projects\cthugha engine demos\enginecore\intermediate\release\transformcomponent.obj
c:\users\clow reed\documents\visual studio 2013\projects\cthugha engine demos\enginecore\intermediate\release\rendercomponent.obj
c:\users\clow reed\documents\visual studio 2013\projects\cthugha engine demos\enginecore\intermediate\release\recttransformcomponent.obj
c:\users\clow reed\documents\visual studio 2013\projects\cthugha engine demos\enginecore\intermediate\release\physicscomponent.obj
c:\users\clow reed\documents\visual studio 2013\projects\cthugha engine demos\enginecore\intermediate\release\guicomponent.obj
c:\users\clow reed\documents\visual studio 2013\projects\cthugha engine demos\enginecore\intermediate\release\entityresource.obj
c:\users\clow reed\documents\visual studio 2013\projects\cthugha engine demos\enginecore\intermediate\release\entityfactory.obj
c:\users\clow reed\documents\visual studio 2013\projects\cthugha engine demos\enginecore\intermediate\release\entity.obj
c:\users\clow reed\documents\visual studio 2013\projects\cthugha engine demos\enginecore\intermediate\release\logger.obj
c:\users\clow reed\documents\visual studio 2013\projects\cthugha engine demos\enginecore\intermediate\release\cthughaapp.obj
c:\users\clow reed\documents\visual studio 2013\projects\cthugha engine demos\enginecore\intermediate\release\basegamelogic.obj
c:\users\clow reed\documents\visual studio 2013\projects\cthugha engine demos\enginecore\intermediate\release\texthelper.obj
c:\users\clow reed\documents\visual studio 2013\projects\cthugha engine demos\enginecore\intermediate\release\shadowmap.obj
c:\users\clow reed\documents\visual studio 2013\projects\cthugha engine demos\enginecore\intermediate\release\scenenodes.obj
c:\users\clow reed\documents\visual studio 2013\projects\cthugha engine demos\enginecore\intermediate\release\scene.obj
c:\users\clow reed\documents\visual studio 2013\projects\cthugha engine demos\enginecore\intermediate\release\shader.obj
c:\users\clow reed\documents\visual studio 2013\projects\cthugha engine demos\enginecore\intermediate\release\sdfshadowmanager.obj
c:\users\clow reed\documents\visual studio 2013\projects\cthugha engine demos\enginecore\intermediate\release\screenpostprocessing.obj
c:\users\clow reed\documents\visual studio 2013\projects\cthugha engine demos\enginecore\intermediate\release\aditionalshadowdatamanager.obj
c:\users\clow reed\documents\visual studio 2013\projects\cthugha engine demos\enginecore\intermediate\release\renderer.obj
c:\users\clow reed\documents\visual studio 2013\projects\cthugha engine demos\enginecore\intermediate\release\queryqueue.obj
c:\users\clow reed\documents\visual studio 2013\projects\cthugha engine demos\enginecore\intermediate\release\particlesystem.obj
c:\users\clow reed\documents\visual studio 2013\projects\cthugha engine demos\enginecore\intermediate\release\movementcontroller.obj
c:\users\clow reed\documents\visual studio 2013\projects\cthugha engine demos\enginecore\intermediate\release\mesh.obj
c:\users\clow reed\documents\visual studio 2013\projects\cthugha engine demos\enginecore\intermediate\release\material.obj
c:\users\clow reed\documents\visual studio 2013\projects\cthugha engine demos\enginecore\intermediate\release\light.obj
c:\users\clow reed\documents\visual studio 2013\projects\cthugha engine demos\enginecore\intermediate\release\image.obj
c:\users\clow reed\documents\visual studio 2013\projects\cthugha engine demos\enginecore\intermediate\release\uiscene.obj
c:\users\clow reed\documents\visual studio 2013\projects\cthugha engine demos\enginecore\intermediate\release\uinode.obj
c:\users\clow reed\documents\visual studio 2013\projects\cthugha engine demos\enginecore\intermediate\release\uifunctiontext.obj
c:\users\clow reed\documents\visual studio 2013\projects\cthugha engine demos\enginecore\intermediate\release\uifunctionimage.obj
c:\users\clow reed\documents\visual studio 2013\projects\cthugha engine demos\enginecore\intermediate\release\cthughastd.obj
c:\users\clow reed\documents\visual studio 2013\projects\cthugha engine demos\enginecore\intermediate\release\cthughaappentry.obj
c:\users\clow reed\documents\visual studio 2013\projects\cthugha engine demos\enginecore\intermediate\release\string.obj
c:\users\clow reed\documents\visual studio 2013\projects\cthugha engine demos\enginecore\intermediate\release\random.obj
c:\users\clow reed\documents\visual studio 2013\projects\cthugha engine demos\enginecore\intermediate\release\humanview.obj
c:\users\clow reed\documents\visual studio 2013\projects\cthugha engine demos\enginecore\intermediate\release\guicreator.obj
c:\users\clow reed\documents\visual studio 2013\projects\cthugha engine demos\enginecore\intermediate\release\zipfile.obj
c:\users\clow reed\documents\visual studio 2013\projects\cthugha engine demos\enginecore\intermediate\release\xmlresource.obj
c:\users\clow reed\documents\visual studio 2013\projects\cthugha engine demos\enginecore\intermediate\release\rescache.obj
c:\users\clow reed\documents\visual studio 2013\projects\cthugha engine demos\enginecore\intermediate\release\physicseventlistener.obj
c:\users\clow reed\documents\visual studio 2013\projects\cthugha engine demos\enginecore\intermediate\release\physicsdebugdrawer.obj
c:\users\clow reed\documents\visual studio 2013\projects\cthugha engine demos\enginecore\intermediate\release\physics.obj
c:\users\clow reed\documents\visual studio 2013\projects\cthugha engine demos\enginecore\intermediate\release\meshcolliderresource.obj
c:\users\clow reed\documents\visual studio 2013\projects\cthugha engine demos\enginecore\intermediate\release\processmanager.obj
c:\users\clow reed\documents\visual studio 2013\projects\cthugha engine demos\enginecore\intermediate\release\process.obj
c:\users\clow reed\documents\visual studio 2013\projects\cthugha engine demos\enginecore\intermediate\release\initialization.obj
c:\users\clow reed\documents\visual studio 2013\projects\cthugha engine demos\enginecore\intermediate\release\voxelmanager.obj
c:\users\clow reed\documents\visual studio 2013\projects\cthugha engine demos\enginecore\lib\release\enginecore.lib
c:\users\clow reed\documents\visual studio 2013\projects\cthugha engine demos\enginecore\intermediate\release\enginecore.res
c:\users\clow reed\documents\visual studio 2013\projects\cthugha engine demos\enginecore\source\msvc\..\..\lib\release\enginecore.lib
c:\users\clow reed\documents\visual studio 2013\projects\cthugha engine demos\enginecore\intermediate\release\enginecore.tlog\cl.command.1.tlog
c:\users\clow reed\documents\visual studio 2013\projects\cthugha engine demos\enginecore\intermediate\release\enginecore.tlog\cl.read.1.tlog
c:\users\clow reed\documents\visual studio 2013\projects\cthugha engine demos\enginecore\intermediate\release\enginecore.tlog\cl.write.1.tlog
c:\users\clow reed\documents\visual studio 2013\projects\cthugha engine demos\enginecore\intermediate\release\enginecore.tlog\lib-link-cvtres.read.1.tlog
c:\users\clow reed\documents\visual studio 2013\projects\cthugha engine demos\enginecore\intermediate\release\enginecore.tlog\lib-link-cvtres.write.1.tlog
c:\users\clow reed\documents\visual studio 2013\projects\cthugha engine demos\enginecore\intermediate\release\enginecore.tlog\lib.command.1.tlog
c:\users\clow reed\documents\visual studio 2013\projects\cthugha engine demos\enginecore\intermediate\release\enginecore.tlog\rc.command.1.tlog
c:\users\clow reed\documents\visual studio 2013\projects\cthugha engine demos\enginecore\intermediate\release\enginecore.tlog\rc.read.1.tlog
c:\users\clow reed\documents\visual studio 2013\projects\cthugha engine demos\enginecore\intermediate\release\enginecore.tlog\rc.write.1.tlog
